2025-10-21 19:19:04 - root - [INFO] - Logger initailised from config.
2025-10-21 19:19:04 - root - [INFO] - Reading CSV file: D:/GitHub/Big Data Engineer/ETL Mini Project/data/sales.csv
2025-10-21 19:19:04 - root - [INFO] - Reading JSON file: D:/GitHub/Big Data Engineer/ETL Mini Project/data/products.json
2025-10-21 19:19:04 - root - [INFO] - Reading PARQUET file: D:/GitHub/Big Data Engineer/ETL Mini Project/data/region.parquet
2025-10-21 19:19:05 - root - [INFO] - Merging datasets...
2025-10-21 19:19:05 - root - [INFO] - Merge complete. Dataframe shape: (23, 5)
2025-10-21 19:19:05 - root - [INFO] - Data saved: D:/GitHub/Big Data Engineer/ETL Mini Project/data/merged_data_3.csv
2025-10-21 19:19:05 - root - [INFO] - Loading data into DB: D:/GitHub/Big Data Engineer/ETL Mini Project/data/merged.db, Table: merged_table
2025-10-21 19:19:05 - root - [INFO] - Data successfully loaded into: sqlite.
2025-10-21 19:22:53 - root - [INFO] - Logger initailised from config.
2025-10-21 19:22:53 - root - [INFO] - Overriding config values: {'csv_file': '../data/sales.csv', 'json_file': '../data/product.json', 'parquet_file': '../data/region.patquet'}
2025-10-21 19:22:53 - root - [INFO] - Reading CSV file: ../data/sales.csv
2025-10-21 19:22:53 - root - [INFO] - Reading JSON file: ../data/product.json
2025-10-21 19:22:53 - root - [ERROR] - Error reading json file: File ../data/product.json does not exist
Traceback (most recent call last):
  File "D:\GitHub\Big Data Engineer\ETL Mini Project\src_3\pipeline3.py", line 44, in read_file
    return pd.read_json(path)
           ~~~~~~~~~~~~^^^^^^
  File "D:\GitHub\Big Data Engineer\ETL Mini Project\.venv\Lib\site-packages\pandas\io\json\_json.py", line 791, in read_json
    json_reader = JsonReader(
        path_or_buf,
    ...<16 lines>...
        engine=engine,
    )
  File "D:\GitHub\Big Data Engineer\ETL Mini Project\.venv\Lib\site-packages\pandas\io\json\_json.py", line 904, in __init__
    data = self._get_data_from_filepath(filepath_or_buffer)
  File "D:\GitHub\Big Data Engineer\ETL Mini Project\.venv\Lib\site-packages\pandas\io\json\_json.py", line 960, in _get_data_from_filepath
    raise FileNotFoundError(f"File {filepath_or_buffer} does not exist")
FileNotFoundError: File ../data/product.json does not exist
2025-10-21 19:22:53 - root - [INFO] - Reading PARQUET file: ../data/region.patquet
2025-10-21 19:22:53 - root - [ERROR] - Error reading parquet file: [Errno 2] No such file or directory: '../data/region.patquet'
Traceback (most recent call last):
  File "D:\GitHub\Big Data Engineer\ETL Mini Project\src_3\pipeline3.py", line 46, in read_file
    return pd.read_parquet(path)
           ~~~~~~~~~~~~~~~^^^^^^
  File "D:\GitHub\Big Data Engineer\ETL Mini Project\.venv\Lib\site-packages\pandas\io\parquet.py", line 669, in read_parquet
    return impl.read(
           ~~~~~~~~~^
        path,
        ^^^^^
    ...<6 lines>...
        **kwargs,
        ^^^^^^^^^
    )
    ^
  File "D:\GitHub\Big Data Engineer\ETL Mini Project\.venv\Lib\site-packages\pandas\io\parquet.py", line 258, in read
    path_or_handle, handles, filesystem = _get_path_or_handle(
                                          ~~~~~~~~~~~~~~~~~~~^
        path,
        ^^^^^
    ...<2 lines>...
        mode="rb",
        ^^^^^^^^^^
    )
    ^
  File "D:\GitHub\Big Data Engineer\ETL Mini Project\.venv\Lib\site-packages\pandas\io\parquet.py", line 141, in _get_path_or_handle
    handles = get_handle(
        path_or_handle, mode, is_text=False, storage_options=storage_options
    )
  File "D:\GitHub\Big Data Engineer\ETL Mini Project\.venv\Lib\site-packages\pandas\io\common.py", line 882, in get_handle
    handle = open(handle, ioargs.mode)
FileNotFoundError: [Errno 2] No such file or directory: '../data/region.patquet'
2025-10-21 19:22:53 - root - [INFO] - Merging datasets...
2025-10-21 19:22:53 - root - [INFO] - Merge failed: 'product_id'
2025-10-21 19:22:53 - root - [WARNING] - Merged Dataframe is empty. Nothing to save.
2025-10-21 19:26:46 - root - [INFO] - Logger initailised from config.
2025-10-21 19:26:46 - root - [INFO] - Overriding config values: {'csv_file': '../data/sales.csv', 'json_file': '../data/products.json', 'parquet_file': '../data/region.parquet'}
2025-10-21 19:26:46 - root - [INFO] - Reading CSV file: ../data/sales.csv
2025-10-21 19:26:46 - root - [INFO] - Reading JSON file: ../data/products.json
2025-10-21 19:26:46 - root - [INFO] - Reading PARQUET file: ../data/region.parquet
2025-10-21 19:26:46 - root - [INFO] - Merging datasets...
2025-10-21 19:26:46 - root - [INFO] - Merge complete. Dataframe shape: (23, 5)
2025-10-21 19:26:46 - root - [INFO] - Data saved: D:/GitHub/Big Data Engineer/ETL Mini Project/data/merged_data_3.csv
2025-10-21 19:26:46 - root - [INFO] - Loading data into DB: D:/GitHub/Big Data Engineer/ETL Mini Project/data/merged.db, Table: merged_table
2025-10-21 19:26:46 - root - [INFO] - Data successfully loaded into: sqlite.
2025-10-21 19:45:47 - root - [INFO] - Logger initailised from config.
2025-10-21 19:45:47 - root - [INFO] - ----- Pipeline Execution Started -----
2025-10-21 19:45:47 - root - [INFO] - Extracting Data...
2025-10-21 19:45:47 - root - [INFO] - Reading CSV file: D:/GitHub/Big Data Engineer/ETL Mini Project/data/sales.csv
2025-10-21 19:45:47 - root - [INFO] - Reading JSON file: D:/GitHub/Big Data Engineer/ETL Mini Project/data/products.json
2025-10-21 19:45:47 - root - [INFO] - Reading PARQUET file: D:/GitHub/Big Data Engineer/ETL Mini Project/data/region.parquet
2025-10-21 19:45:48 - root - [INFO] - Merging datasets...
2025-10-21 19:45:48 - root - [INFO] - Merge complete. Dataframe shape: (23, 5)
2025-10-21 19:45:48 - root - [INFO] - Data saved: D:/GitHub/Big Data Engineer/ETL Mini Project/data/merged_data_3.csv
2025-10-21 19:45:48 - root - [INFO] - Loading data into DB: D:/GitHub/Big Data Engineer/ETL Mini Project/data/merged.db, Table: merged_table
2025-10-21 19:45:48 - root - [INFO] - Data successfully loaded into: sqlite.
2025-10-21 19:45:48 - root - [INFO] - ----- Pipeline Execution Completed -----
2025-10-21 19:52:41 - root - [INFO] - Logger initailised from config.
2025-10-21 19:52:41 - root - [INFO] - ----- Pipeline Execution Started -----
2025-10-21 19:52:41 - root - [INFO] - Overriding config values: {'output_file': '../data/merge_data_3.parquet', 'output_format': 'parquet'}
2025-10-21 19:52:41 - root - [INFO] - Extracting Data...
2025-10-21 19:52:41 - root - [INFO] - Reading CSV file: D:/GitHub/Big Data Engineer/ETL Mini Project/data/sales.csv
2025-10-21 19:52:41 - root - [INFO] - Reading JSON file: D:/GitHub/Big Data Engineer/ETL Mini Project/data/products.json
2025-10-21 19:52:41 - root - [INFO] - Reading PARQUET file: D:/GitHub/Big Data Engineer/ETL Mini Project/data/region.parquet
2025-10-21 19:52:41 - root - [INFO] - Merging datasets...
2025-10-21 19:52:41 - root - [INFO] - Merge complete. Dataframe shape: (23, 5)
2025-10-21 19:52:41 - root - [INFO] - Loading Data...
2025-10-21 19:52:41 - root - [INFO] - Data saved: ../data/merge_data_3.parquet
2025-10-21 19:52:41 - root - [INFO] - Loading data into DB: D:/GitHub/Big Data Engineer/ETL Mini Project/data/merged.db, Table: merged_table
2025-10-21 19:52:41 - root - [INFO] - Data successfully loaded into: sqlite.
2025-10-21 19:52:41 - root - [INFO] - ----- Pipeline Execution Completed -----
